12:30:43.699 [main] INFO  api.test.UserTests - *************** Creating User ***************
12:30:47.578 [main] INFO  api.test.UserTests - *************** User Created ***************
12:30:47.598 [main] INFO  api.test.UserTests - *************** Reading User ***************
12:30:49.077 [main] INFO  api.test.UserTests - *************** User Info Displayed ***************
12:30:49.082 [main] INFO  api.test.UserTests - *************** Updating User ***************
12:30:51.958 [main] INFO  api.test.UserTests - *************** User Updated ***************
12:30:51.961 [main] INFO  api.test.UserTests - *************** Deleting User ***************
12:30:53.370 [main] INFO  api.test.UserTests - *************** User Deleted ***************
13:21:24.579 [main] INFO  api.test.UserTests1 - *************** Creating User ***************
13:21:28.554 [main] INFO  api.test.UserTests1 - *************** User Created ***************
13:21:28.571 [main] INFO  api.test.UserTests1 - *************** Reading User ***************
13:23:32.548 [main] INFO  api.test.UserTests1 - *************** Creating User ***************
13:23:36.609 [main] INFO  api.test.UserTests1 - *************** User Created ***************
13:23:36.623 [main] INFO  api.test.UserTests1 - *************** Reading User ***************
13:24:24.159 [main] INFO  api.test.UserTests1 - *************** Creating User ***************
13:24:38.058 [main] INFO  api.test.UserTests1 - *************** User Created ***************
13:24:38.068 [main] INFO  api.test.UserTests1 - *************** Reading User ***************
13:28:28.801 [main] INFO  api.test.UserTests1 - *************** Creating User ***************
13:28:33.051 [main] INFO  api.test.UserTests1 - *************** User Created ***************
13:28:55.869 [main] INFO  api.test.UserTests1 - *************** Creating User ***************
13:28:59.920 [main] INFO  api.test.UserTests1 - *************** User Created ***************
13:28:59.928 [main] INFO  api.test.UserTests1 - *************** Reading User ***************
13:29:11.665 [main] INFO  api.test.UserTests1 - *************** Creating User ***************
13:29:15.502 [main] INFO  api.test.UserTests1 - *************** User Created ***************
13:29:15.510 [main] INFO  api.test.UserTests1 - *************** Reading User ***************
13:29:17.315 [main] INFO  api.test.UserTests1 - *************** User Info Displayed ***************
13:29:45.920 [main] INFO  api.test.UserTests1 - *************** Creating User ***************
13:29:50.093 [main] INFO  api.test.UserTests1 - *************** User Created ***************
13:29:50.101 [main] INFO  api.test.UserTests1 - *************** Reading User ***************
13:29:51.731 [main] INFO  api.test.UserTests1 - *************** Updating User ***************
13:29:55.111 [main] INFO  api.test.UserTests1 - *************** User Updated ***************
13:29:55.116 [main] INFO  api.test.UserTests1 - *************** Deleting User ***************
13:29:56.737 [main] INFO  api.test.UserTests1 - *************** User Deleted ***************
13:45:35.777 [main] INFO  api.test.UserTests1 - *************** Creating User ***************
13:45:41.564 [main] INFO  api.test.UserTests1 - *************** User Created ***************
13:45:41.582 [main] INFO  api.test.UserTests1 - *************** Reading User ***************
13:45:43.237 [main] INFO  api.test.UserTests1 - *************** User Info Displayed ***************
13:45:43.241 [main] INFO  api.test.UserTests1 - *************** Updating User ***************
13:45:46.425 [main] INFO  api.test.UserTests1 - *************** Deleting User ***************
13:45:48.148 [main] INFO  api.test.UserTests1 - *************** User Deleted ***************
13:47:31.588 [main] INFO  api.test.UserTests1 - *************** Creating User ***************
13:47:35.578 [main] INFO  api.test.UserTests1 - *************** User Created ***************
13:47:35.589 [main] INFO  api.test.UserTests1 - *************** Reading User ***************
13:49:44.196 [main] INFO  api.test.UserTests1 - *************** Creating User ***************
13:49:48.256 [main] INFO  api.test.UserTests1 - *************** User Created ***************
13:49:48.267 [main] INFO  api.test.UserTests1 - *************** Reading User ***************
13:49:49.922 [main] INFO  api.test.UserTests1 - *************** User Info Displayed ***************
13:49:49.929 [main] INFO  api.test.UserTests1 - *************** Updating User ***************
13:49:53.604 [main] INFO  api.test.UserTests1 - *************** User Updated ***************
13:49:53.613 [main] INFO  api.test.UserTests1 - *************** Deleting User ***************
13:49:55.241 [main] INFO  api.test.UserTests1 - *************** User Deleted ***************
13:50:17.182 [main] INFO  api.test.UserTests1 - *************** Creating User ***************
13:50:21.134 [main] INFO  api.test.UserTests1 - *************** User Created ***************
13:50:21.163 [main] INFO  api.test.UserTests1 - *************** Reading User ***************
13:50:46.393 [main] INFO  api.test.UserTests1 - *************** Creating User ***************
13:50:50.121 [main] INFO  api.test.UserTests1 - *************** User Created ***************
13:50:50.132 [main] INFO  api.test.UserTests1 - *************** Reading User ***************
13:54:07.859 [main] INFO  api.test.UserTests1 - *************** Creating User ***************
13:54:11.947 [main] INFO  api.test.UserTests1 - *************** User Created ***************
13:54:11.962 [main] INFO  api.test.UserTests1 - *************** Reading User ***************
13:54:13.606 [main] INFO  api.test.UserTests1 - *************** User Info Displayed ***************
13:54:13.612 [main] INFO  api.test.UserTests1 - *************** Updating User ***************
13:54:16.775 [main] INFO  api.test.UserTests1 - *************** User Updated ***************
13:54:16.785 [main] INFO  api.test.UserTests1 - *************** Deleting User ***************
13:54:18.515 [main] INFO  api.test.UserTests1 - *************** User Deleted ***************
13:56:03.235 [main] INFO  api.test.UserTests1 - *************** Creating User ***************
13:56:07.263 [main] INFO  api.test.UserTests1 - *************** User Created ***************
13:56:07.277 [main] INFO  api.test.UserTests1 - *************** Reading User ***************
13:56:08.907 [main] INFO  api.test.UserTests1 - *************** User Info Displayed ***************
13:56:08.911 [main] INFO  api.test.UserTests1 - *************** Updating User ***************
13:56:12.286 [main] INFO  api.test.UserTests1 - *************** User Updated ***************
13:56:12.294 [main] INFO  api.test.UserTests1 - *************** Deleting User ***************
13:58:07.911 [main] INFO  api.test.UserTests1 - *************** Creating User ***************
13:58:11.758 [main] INFO  api.test.UserTests1 - *************** User Created ***************
13:58:11.782 [main] INFO  api.test.UserTests1 - *************** Reading User ***************
13:58:13.734 [main] INFO  api.test.UserTests1 - *************** User Info Displayed ***************
13:58:13.740 [main] INFO  api.test.UserTests1 - *************** Updating User ***************
13:58:17.111 [main] INFO  api.test.UserTests1 - *************** User Updated ***************
13:58:17.115 [main] INFO  api.test.UserTests1 - *************** Deleting User ***************
13:58:18.648 [main] INFO  api.test.UserTests1 - *************** User Deleted ***************
14:09:52.141 [main] INFO  api.test.UserTests1 - *************** Creating User ***************
14:10:07.619 [main] INFO  api.test.UserTests1 - *************** User Created ***************
14:10:07.652 [main] INFO  api.test.UserTests1 - *************** Reading User ***************
14:11:10.531 [main] INFO  api.test.UserTests1 - *************** Creating User ***************
14:11:15.212 [main] INFO  api.test.UserTests1 - *************** User Created ***************
14:11:15.246 [main] INFO  api.test.UserTests1 - *************** Reading User ***************
14:11:48.807 [main] INFO  api.test.UserTests1 - *************** Creating User ***************
14:11:53.020 [main] INFO  api.test.UserTests1 - *************** User Created ***************
14:11:53.032 [main] INFO  api.test.UserTests1 - *************** Reading User ***************
14:11:54.579 [main] INFO  api.test.UserTests1 - *************** User Info Displayed ***************
14:11:54.583 [main] INFO  api.test.UserTests1 - *************** Updating User ***************
14:11:57.853 [main] INFO  api.test.UserTests1 - *************** User Updated ***************
14:11:57.864 [main] INFO  api.test.UserTests1 - *************** Deleting User ***************
14:11:59.496 [main] INFO  api.test.UserTests1 - *************** User Deleted ***************
14:16:16.052 [main] INFO  api.test.UserTests1 - *************** Creating User ***************
14:16:19.894 [main] INFO  api.test.UserTests1 - *************** User Created ***************
14:16:19.908 [main] INFO  api.test.UserTests1 - *************** Reading User ***************
14:26:04.888 [main] INFO  api.test.UserTests1 - *************** Creating User ***************
14:26:08.466 [main] INFO  api.test.UserTests1 - *************** User Created ***************
14:26:08.498 [main] INFO  api.test.UserTests1 - *************** Reading User ***************
14:30:52.359 [main] INFO  api.test.UserTests1 - *************** Creating User ***************
14:31:15.985 [main] INFO  api.test.UserTests1 - *************** Creating User ***************
14:33:50.729 [main] INFO  api.test.UserTests1 - *************** Creating User ***************
14:33:54.197 [main] INFO  api.test.UserTests1 - *************** User Created ***************
14:33:54.207 [main] INFO  api.test.UserTests1 - *************** Reading User ***************
14:36:13.361 [main] INFO  api.test.UserTests1 - *************** Creating User ***************
14:36:16.843 [main] INFO  api.test.UserTests1 - *************** User Created ***************
14:36:16.853 [main] INFO  api.test.UserTests1 - *************** Reading User ***************
14:36:18.410 [main] INFO  api.test.UserTests1 - *************** User Info Displayed ***************
14:36:18.415 [main] INFO  api.test.UserTests1 - *************** Updating User ***************
14:36:21.467 [main] INFO  api.test.UserTests1 - *************** User Updated ***************
14:36:21.472 [main] INFO  api.test.UserTests1 - *************** Deleting User ***************
14:36:23.015 [main] INFO  api.test.UserTests1 - *************** User Deleted ***************
14:37:38.431 [main] INFO  api.test.UserTests1 - *************** Creating User ***************
14:37:42.076 [main] INFO  api.test.UserTests1 - *************** User Created ***************
14:37:42.096 [main] INFO  api.test.UserTests1 - *************** Reading User ***************
14:37:43.701 [main] INFO  api.test.UserTests1 - *************** User Info Displayed ***************
14:37:43.711 [main] INFO  api.test.UserTests1 - *************** Updating User ***************
14:37:46.774 [main] INFO  api.test.UserTests1 - *************** User Updated ***************
14:37:46.774 [main] INFO  api.test.UserTests1 - *************** Deleting User ***************
14:37:48.414 [main] INFO  api.test.UserTests1 - *************** User Deleted ***************
14:38:45.421 [main] INFO  api.test.UserTests1 - *************** Creating User ***************
14:38:49.218 [main] INFO  api.test.UserTests1 - *************** User Created ***************
14:38:49.241 [main] INFO  api.test.UserTests1 - *************** Reading User ***************
14:40:47.187 [main] INFO  api.test.UserTests1 - *************** Creating User ***************
14:40:50.785 [main] INFO  api.test.UserTests1 - *************** User Created ***************
14:40:50.795 [main] INFO  api.test.UserTests1 - *************** Reading User ***************
14:41:10.613 [main] INFO  api.test.UserTests1 - *************** Creating User ***************
14:41:14.010 [main] INFO  api.test.UserTests1 - *************** User Created ***************
14:41:14.021 [main] INFO  api.test.UserTests1 - *************** Reading User ***************
14:41:49.744 [main] INFO  api.test.UserTests1 - *************** Creating User ***************
14:41:53.242 [main] INFO  api.test.UserTests1 - *************** User Created ***************
14:41:53.251 [main] INFO  api.test.UserTests1 - *************** Reading User ***************
14:45:22.241 [main] INFO  api.test.UserTests1 - *************** Creating User ***************
14:45:25.628 [main] INFO  api.test.UserTests1 - *************** User Created ***************
14:45:25.638 [main] INFO  api.test.UserTests1 - *************** Reading User ***************
14:45:27.178 [main] INFO  api.test.UserTests1 - *************** User Info Displayed ***************
14:45:27.181 [main] INFO  api.test.UserTests1 - *************** Updating User ***************
14:45:30.248 [main] INFO  api.test.UserTests1 - *************** User Updated ***************
14:45:30.252 [main] INFO  api.test.UserTests1 - *************** Deleting User ***************
14:45:31.886 [main] INFO  api.test.UserTests1 - *************** User Deleted ***************
14:47:07.588 [main] INFO  api.test.UserTests1 - *************** Creating User ***************
14:47:11.080 [main] INFO  api.test.UserTests1 - *************** User Created ***************
14:47:11.088 [main] INFO  api.test.UserTests1 - *************** Reading User ***************
14:47:12.652 [main] INFO  api.test.UserTests1 - *************** User Info Displayed ***************
14:47:12.658 [main] INFO  api.test.UserTests1 - *************** Updating User ***************
14:47:15.823 [main] INFO  api.test.UserTests1 - *************** User Updated ***************
14:47:15.827 [main] INFO  api.test.UserTests1 - *************** Deleting User ***************
14:48:42.944 [main] INFO  api.test.UserTests1 - *************** Creating User ***************
14:48:46.427 [main] INFO  api.test.UserTests1 - *************** User Created ***************
14:48:46.435 [main] INFO  api.test.UserTests1 - *************** Reading User ***************
14:48:47.986 [main] INFO  api.test.UserTests1 - *************** User Info Displayed ***************
14:48:47.991 [main] INFO  api.test.UserTests1 - *************** Updating User ***************
14:48:51.059 [main] INFO  api.test.UserTests1 - *************** User Updated ***************
14:48:51.064 [main] INFO  api.test.UserTests1 - *************** Deleting User ***************
14:48:52.592 [main] INFO  api.test.UserTests1 - *************** User Deleted ***************
14:49:15.071 [main] INFO  api.test.UserTests1 - *************** Creating User ***************
14:49:18.491 [main] INFO  api.test.UserTests1 - *************** User Created ***************
14:49:18.508 [main] INFO  api.test.UserTests1 - *************** Reading User ***************
14:49:20.138 [main] INFO  api.test.UserTests1 - *************** User Info Displayed ***************
14:49:20.140 [main] INFO  api.test.UserTests1 - *************** Updating User ***************
14:49:23.210 [main] INFO  api.test.UserTests1 - *************** User Updated ***************
14:49:23.214 [main] INFO  api.test.UserTests1 - *************** Deleting User ***************
14:50:02.542 [main] INFO  api.test.UserTests1 - *************** Creating User ***************
14:50:06.213 [main] INFO  api.test.UserTests1 - *************** User Created ***************
14:50:06.227 [main] INFO  api.test.UserTests1 - *************** Reading User ***************
14:50:39.521 [main] INFO  api.test.UserTests1 - *************** Creating User ***************
14:50:42.963 [main] INFO  api.test.UserTests1 - *************** User Created ***************
14:50:42.977 [main] INFO  api.test.UserTests1 - *************** Reading User ***************
14:51:00.274 [main] INFO  api.test.UserTests1 - *************** Creating User ***************
14:51:04.090 [main] INFO  api.test.UserTests1 - *************** User Created ***************
14:51:04.112 [main] INFO  api.test.UserTests1 - *************** Reading User ***************
14:51:05.580 [main] INFO  api.test.UserTests1 - *************** User Info Displayed ***************
14:51:05.580 [main] INFO  api.test.UserTests1 - *************** Updating User ***************
14:54:50.971 [main] INFO  api.test.UserTests1 - *************** Creating User ***************
14:54:54.782 [main] INFO  api.test.UserTests1 - *************** User Created ***************
14:54:54.799 [main] INFO  api.test.UserTests1 - *************** Reading User ***************
14:54:56.426 [main] INFO  api.test.UserTests1 - *************** User Info Displayed ***************
14:54:56.428 [main] INFO  api.test.UserTests1 - *************** Updating User ***************
14:54:59.494 [main] INFO  api.test.UserTests1 - *************** User Updated ***************
14:54:59.496 [main] INFO  api.test.UserTests1 - *************** Deleting User ***************
14:55:01.033 [main] INFO  api.test.UserTests1 - *************** User Deleted ***************
14:55:19.998 [main] INFO  api.test.UserTests1 - *************** Creating User ***************
14:55:23.870 [main] INFO  api.test.UserTests1 - *************** User Created ***************
14:55:23.898 [main] INFO  api.test.UserTests1 - *************** Reading User ***************
14:56:22.153 [main] INFO  api.test.UserTests1 - *************** Creating User ***************
14:56:25.610 [main] INFO  api.test.UserTests1 - *************** User Created ***************
14:56:25.626 [main] INFO  api.test.UserTests1 - *************** Reading User ***************
14:56:27.254 [main] INFO  api.test.UserTests1 - *************** User Info Displayed ***************
14:56:27.256 [main] INFO  api.test.UserTests1 - *************** Updating User ***************
14:56:53.671 [main] INFO  api.test.UserTests1 - *************** Creating User ***************
14:56:57.139 [main] INFO  api.test.UserTests1 - *************** User Created ***************
14:56:57.161 [main] INFO  api.test.UserTests1 - *************** Reading User ***************
14:56:58.794 [main] INFO  api.test.UserTests1 - *************** User Info Displayed ***************
14:56:58.795 [main] INFO  api.test.UserTests1 - *************** Updating User ***************
14:57:01.866 [main] INFO  api.test.UserTests1 - *************** User Updated ***************
14:57:01.870 [main] INFO  api.test.UserTests1 - *************** Deleting User ***************
14:57:03.401 [main] INFO  api.test.UserTests1 - *************** User Deleted ***************
14:57:55.832 [main] INFO  api.test.UserTests1 - *************** Creating User ***************
14:58:02.164 [main] INFO  api.test.UserTests1 - *************** User Created ***************
14:58:02.182 [main] INFO  api.test.UserTests1 - *************** Reading User ***************
14:58:03.717 [main] INFO  api.test.UserTests1 - *************** User Info Displayed ***************
14:58:03.719 [main] INFO  api.test.UserTests1 - *************** Updating User ***************
14:58:06.788 [main] INFO  api.test.UserTests1 - *************** User Updated ***************
14:58:06.791 [main] INFO  api.test.UserTests1 - *************** Deleting User ***************
14:58:26.192 [main] INFO  api.test.UserTests1 - *************** Creating User ***************
14:58:29.942 [main] INFO  api.test.UserTests1 - *************** User Created ***************
14:58:29.964 [main] INFO  api.test.UserTests1 - *************** Reading User ***************
14:58:31.467 [main] INFO  api.test.UserTests1 - *************** User Info Displayed ***************
14:58:31.469 [main] INFO  api.test.UserTests1 - *************** Updating User ***************
14:58:34.359 [main] INFO  api.test.UserTests1 - *************** User Updated ***************
14:58:34.362 [main] INFO  api.test.UserTests1 - *************** Deleting User ***************
14:58:35.766 [main] INFO  api.test.UserTests1 - *************** User Deleted ***************
